2025-09-18 08:34:40.522 [info] [main] Log level: Info
2025-09-18 08:34:40.522 [info] [main] Validating found git in: "git"
2025-09-18 08:34:40.522 [info] [main] Using git "2.43.0" from "git"
2025-09-18 08:34:40.522 [info] [Model][doInitialScan] Initial repository scan started
2025-09-18 08:34:40.522 [info] > git rev-parse --show-toplevel [3ms]
2025-09-18 08:34:40.522 [info] fatal: not a git repository (or any parent up to mount point /)
Stopping at filesystem boundary (GIT_DISCOVERY_ACROSS_FILESYSTEM not set).
2025-09-18 08:34:40.522 [info] > git rev-parse --show-toplevel [2ms]
2025-09-18 08:34:40.522 [info] fatal: not a git repository (or any parent up to mount point /)
Stopping at filesystem boundary (GIT_DISCOVERY_ACROSS_FILESYSTEM not set).
2025-09-18 08:34:40.522 [info] > git rev-parse --show-toplevel [2ms]
2025-09-18 08:34:40.522 [info] fatal: not a git repository (or any parent up to mount point /)
Stopping at filesystem boundary (GIT_DISCOVERY_ACROSS_FILESYSTEM not set).
2025-09-18 08:34:40.522 [info] > git rev-parse --show-toplevel [2ms]
2025-09-18 08:34:40.522 [info] fatal: not a git repository (or any parent up to mount point /)
Stopping at filesystem boundary (GIT_DISCOVERY_ACROSS_FILESYSTEM not set).
2025-09-18 08:34:40.522 [info] > git rev-parse --show-toplevel [2ms]
2025-09-18 08:34:40.522 [info] fatal: not a git repository (or any parent up to mount point /)
Stopping at filesystem boundary (GIT_DISCOVERY_ACROSS_FILESYSTEM not set).
2025-09-18 08:34:40.522 [info] > git rev-parse --show-toplevel [9ms]
2025-09-18 08:34:40.522 [info] fatal: not a git repository (or any parent up to mount point /)
Stopping at filesystem boundary (GIT_DISCOVERY_ACROSS_FILESYSTEM not set).
2025-09-18 08:34:40.522 [info] > git rev-parse --show-toplevel [3ms]
2025-09-18 08:34:40.522 [info] fatal: not a git repository (or any parent up to mount point /)
Stopping at filesystem boundary (GIT_DISCOVERY_ACROSS_FILESYSTEM not set).
2025-09-18 08:34:40.522 [info] > git rev-parse --show-toplevel [4ms]
2025-09-18 08:34:40.522 [info] fatal: not a git repository (or any parent up to mount point /)
Stopping at filesystem boundary (GIT_DISCOVERY_ACROSS_FILESYSTEM not set).
2025-09-18 08:34:40.522 [info] [Model][doInitialScan] Initial repository scan completed - repositories (0), closed repositories (0), parent repositories (0), unsafe repositories (0)
2025-09-18 08:34:40.963 [info] > git rev-parse --show-toplevel [21ms]
2025-09-18 08:34:40.963 [info] fatal: not a git repository (or any parent up to mount point /)
Stopping at filesystem boundary (GIT_DISCOVERY_ACROSS_FILESYSTEM not set).
2025-09-18 08:34:59.234 [info] > git rev-parse --show-toplevel [5ms]
2025-09-18 08:34:59.234 [info] fatal: not a git repository (or any parent up to mount point /)
Stopping at filesystem boundary (GIT_DISCOVERY_ACROSS_FILESYSTEM not set).
2025-09-18 08:35:08.716 [info] > git rev-parse --show-toplevel [7ms]
2025-09-18 08:35:08.716 [info] fatal: not a git repository (or any parent up to mount point /)
Stopping at filesystem boundary (GIT_DISCOVERY_ACROSS_FILESYSTEM not set).
2025-09-18 08:35:15.050 [info] > git rev-parse --show-toplevel [10ms]
2025-09-18 08:35:15.050 [info] fatal: not a git repository (or any parent up to mount point /)
Stopping at filesystem boundary (GIT_DISCOVERY_ACROSS_FILESYSTEM not set).
2025-09-18 08:35:16.354 [info] > git rev-parse --show-toplevel [2ms]
2025-09-18 08:35:16.354 [info] fatal: not a git repository (or any parent up to mount point /)
Stopping at filesystem boundary (GIT_DISCOVERY_ACROSS_FILESYSTEM not set).
2025-09-18 08:37:31.968 [info] > git rev-parse --show-toplevel [4ms]
2025-09-18 08:37:31.999 [info] fatal: not a git repository (or any parent up to mount point /)
Stopping at filesystem boundary (GIT_DISCOVERY_ACROSS_FILESYSTEM not set).
2025-09-18 08:37:32.594 [info] > git rev-parse --show-toplevel [5ms]
2025-09-18 08:37:32.594 [info] fatal: not a git repository (or any parent up to mount point /)
Stopping at filesystem boundary (GIT_DISCOVERY_ACROSS_FILESYSTEM not set).
2025-09-18 08:40:38.567 [info] > git rev-parse --show-toplevel [6ms]
2025-09-18 08:40:38.567 [info] fatal: not a git repository (or any parent up to mount point /)
Stopping at filesystem boundary (GIT_DISCOVERY_ACROSS_FILESYSTEM not set).
2025-09-18 08:41:13.061 [info] > git rev-parse --show-toplevel [7ms]
2025-09-18 08:41:13.061 [info] fatal: not a git repository (or any parent up to mount point /)
Stopping at filesystem boundary (GIT_DISCOVERY_ACROSS_FILESYSTEM not set).
2025-09-18 08:41:57.028 [info] > git rev-parse --show-toplevel [4ms]
2025-09-18 08:41:57.028 [info] fatal: not a git repository (or any parent up to mount point /)
Stopping at filesystem boundary (GIT_DISCOVERY_ACROSS_FILESYSTEM not set).
2025-09-18 08:42:30.103 [info] > git rev-parse --show-toplevel [10ms]
2025-09-18 08:42:30.103 [info] fatal: not a git repository (or any parent up to mount point /)
Stopping at filesystem boundary (GIT_DISCOVERY_ACROSS_FILESYSTEM not set).
2025-09-18 08:42:32.332 [info] > git rev-parse --show-toplevel [3ms]
2025-09-18 08:42:32.332 [info] fatal: not a git repository (or any parent up to mount point /)
Stopping at filesystem boundary (GIT_DISCOVERY_ACROSS_FILESYSTEM not set).
2025-09-18 08:46:13.759 [info] > git rev-parse --show-toplevel [2ms]
2025-09-18 08:46:13.759 [info] fatal: not a git repository (or any parent up to mount point /)
Stopping at filesystem boundary (GIT_DISCOVERY_ACROSS_FILESYSTEM not set).
2025-09-18 08:46:15.042 [info] > git rev-parse --show-toplevel [2ms]
2025-09-18 08:46:15.042 [info] fatal: not a git repository (or any parent up to mount point /)
Stopping at filesystem boundary (GIT_DISCOVERY_ACROSS_FILESYSTEM not set).
2025-09-18 08:49:53.491 [info] > git rev-parse --show-toplevel [5ms]
2025-09-18 08:49:53.491 [info] fatal: not a git repository (or any parent up to mount point /)
Stopping at filesystem boundary (GIT_DISCOVERY_ACROSS_FILESYSTEM not set).
2025-09-18 08:49:56.192 [info] > git rev-parse --show-toplevel [3ms]
2025-09-18 08:49:56.192 [info] fatal: not a git repository (or any parent up to mount point /)
Stopping at filesystem boundary (GIT_DISCOVERY_ACROSS_FILESYSTEM not set).
2025-09-18 08:52:33.068 [info] > git rev-parse --show-toplevel [3ms]
2025-09-18 08:52:33.068 [info] fatal: not a git repository (or any parent up to mount point /)
Stopping at filesystem boundary (GIT_DISCOVERY_ACROSS_FILESYSTEM not set).
2025-09-18 08:56:40.968 [info] > git rev-parse --show-toplevel [2ms]
2025-09-18 08:56:40.968 [info] fatal: not a git repository (or any parent up to mount point /)
Stopping at filesystem boundary (GIT_DISCOVERY_ACROSS_FILESYSTEM not set).
2025-09-18 08:56:42.494 [info] > git rev-parse --show-toplevel [2ms]
2025-09-18 08:56:42.494 [info] fatal: not a git repository (or any parent up to mount point /)
Stopping at filesystem boundary (GIT_DISCOVERY_ACROSS_FILESYSTEM not set).
2025-09-18 08:56:43.700 [info] > git rev-parse --show-toplevel [3ms]
2025-09-18 08:56:43.700 [info] fatal: not a git repository (or any parent up to mount point /)
Stopping at filesystem boundary (GIT_DISCOVERY_ACROSS_FILESYSTEM not set).
2025-09-18 09:09:21.708 [info] > git rev-parse --show-toplevel [3ms]
2025-09-18 09:09:21.708 [info] fatal: not a git repository (or any parent up to mount point /)
Stopping at filesystem boundary (GIT_DISCOVERY_ACROSS_FILESYSTEM not set).
2025-09-18 09:10:43.277 [info] > git rev-parse --show-toplevel [4ms]
2025-09-18 09:10:43.277 [info] fatal: not a git repository (or any parent up to mount point /)
Stopping at filesystem boundary (GIT_DISCOVERY_ACROSS_FILESYSTEM not set).
2025-09-18 09:11:04.209 [info] > git rev-parse --show-toplevel [4ms]
2025-09-18 09:11:04.209 [info] fatal: not a git repository (or any parent up to mount point /)
Stopping at filesystem boundary (GIT_DISCOVERY_ACROSS_FILESYSTEM not set).
2025-09-18 09:11:05.096 [info] > git rev-parse --show-toplevel [3ms]
2025-09-18 09:11:05.096 [info] fatal: not a git repository (or any parent up to mount point /)
Stopping at filesystem boundary (GIT_DISCOVERY_ACROSS_FILESYSTEM not set).
2025-09-18 09:12:57.971 [info] > git rev-parse --show-toplevel [3ms]
2025-09-18 09:12:57.971 [info] fatal: not a git repository (or any parent up to mount point /)
Stopping at filesystem boundary (GIT_DISCOVERY_ACROSS_FILESYSTEM not set).
2025-09-18 09:13:02.705 [info] > git rev-parse --show-toplevel [3ms]
2025-09-18 09:13:02.705 [info] fatal: not a git repository (or any parent up to mount point /)
Stopping at filesystem boundary (GIT_DISCOVERY_ACROSS_FILESYSTEM not set).
2025-09-18 09:13:04.288 [info] > git rev-parse --show-toplevel [7ms]
2025-09-18 09:13:04.288 [info] fatal: not a git repository (or any parent up to mount point /)
Stopping at filesystem boundary (GIT_DISCOVERY_ACROSS_FILESYSTEM not set).
2025-09-18 09:13:05.327 [info] > git rev-parse --show-toplevel [4ms]
2025-09-18 09:13:05.327 [info] fatal: not a git repository (or any parent up to mount point /)
Stopping at filesystem boundary (GIT_DISCOVERY_ACROSS_FILESYSTEM not set).
2025-09-18 09:13:06.284 [info] > git rev-parse --show-toplevel [4ms]
2025-09-18 09:13:06.284 [info] fatal: not a git repository (or any parent up to mount point /)
Stopping at filesystem boundary (GIT_DISCOVERY_ACROSS_FILESYSTEM not set).
2025-09-18 09:13:08.312 [info] > git rev-parse --show-toplevel [2ms]
2025-09-18 09:13:08.312 [info] fatal: not a git repository (or any parent up to mount point /)
Stopping at filesystem boundary (GIT_DISCOVERY_ACROSS_FILESYSTEM not set).
2025-09-18 09:13:10.274 [info] > git rev-parse --show-toplevel [3ms]
2025-09-18 09:13:10.274 [info] fatal: not a git repository (or any parent up to mount point /)
Stopping at filesystem boundary (GIT_DISCOVERY_ACROSS_FILESYSTEM not set).
2025-09-18 09:15:04.929 [info] > git rev-parse --show-toplevel [3ms]
2025-09-18 09:15:04.929 [info] fatal: not a git repository (or any parent up to mount point /)
Stopping at filesystem boundary (GIT_DISCOVERY_ACROSS_FILESYSTEM not set).
2025-09-18 09:15:04.936 [info] > git rev-parse --show-toplevel [2ms]
2025-09-18 09:15:04.936 [info] fatal: not a git repository (or any parent up to mount point /)
Stopping at filesystem boundary (GIT_DISCOVERY_ACROSS_FILESYSTEM not set).
2025-09-18 09:15:07.107 [info] > git rev-parse --show-toplevel [2ms]
2025-09-18 09:15:07.107 [info] fatal: not a git repository (or any parent up to mount point /)
Stopping at filesystem boundary (GIT_DISCOVERY_ACROSS_FILESYSTEM not set).
2025-09-18 09:17:23.213 [info] > git rev-parse --show-toplevel [3ms]
2025-09-18 09:17:23.213 [info] fatal: not a git repository (or any parent up to mount point /)
Stopping at filesystem boundary (GIT_DISCOVERY_ACROSS_FILESYSTEM not set).
2025-09-18 09:17:27.104 [info] > git rev-parse --show-toplevel [39ms]
2025-09-18 09:17:27.104 [info] fatal: not a git repository (or any parent up to mount point /)
Stopping at filesystem boundary (GIT_DISCOVERY_ACROSS_FILESYSTEM not set).
2025-09-18 09:17:27.609 [info] > git rev-parse --show-toplevel [5ms]
2025-09-18 09:17:27.609 [info] fatal: not a git repository (or any parent up to mount point /)
Stopping at filesystem boundary (GIT_DISCOVERY_ACROSS_FILESYSTEM not set).
2025-09-18 09:17:28.533 [info] > git rev-parse --show-toplevel [3ms]
2025-09-18 09:17:28.533 [info] fatal: not a git repository (or any parent up to mount point /)
Stopping at filesystem boundary (GIT_DISCOVERY_ACROSS_FILESYSTEM not set).
2025-09-18 09:17:28.543 [info] > git rev-parse --show-toplevel [2ms]
2025-09-18 09:17:28.543 [info] fatal: not a git repository (or any parent up to mount point /)
Stopping at filesystem boundary (GIT_DISCOVERY_ACROSS_FILESYSTEM not set).
2025-09-18 09:17:28.864 [info] > git rev-parse --show-toplevel [2ms]
2025-09-18 09:17:28.864 [info] fatal: not a git repository (or any parent up to mount point /)
Stopping at filesystem boundary (GIT_DISCOVERY_ACROSS_FILESYSTEM not set).
2025-09-18 09:17:30.586 [warning] [Model][getRepositoryExact] Failed to get repository realpath for: "/home/itzarbabali/.codeoss/extensions/.afb4f155-3289-4f78-b321-a59d97240b5c/node_modules/balanced-match/". Error:Error: ENOENT: no such file or directory, realpath '/home/itzarbabali/.codeoss/extensions/.afb4f155-3289-4f78-b321-a59d97240b5c/node_modules/balanced-match/'
2025-09-18 09:17:30.635 [warning] [Model][getRepositoryExact] Failed to get repository realpath for: "/home/itzarbabali/.codeoss/extensions/.afb4f155-3289-4f78-b321-a59d97240b5c/node_modules/ext/". Error:Error: ENOENT: no such file or directory, realpath '/home/itzarbabali/.codeoss/extensions/.afb4f155-3289-4f78-b321-a59d97240b5c/node_modules/ext/'
2025-09-18 09:17:30.706 [warning] [Model][getRepositoryExact] Failed to get repository realpath for: "/home/itzarbabali/.codeoss/extensions/.afb4f155-3289-4f78-b321-a59d97240b5c/node_modules/supports-preserve-symlinks-flag/". Error:Error: ENOENT: no such file or directory, realpath '/home/itzarbabali/.codeoss/extensions/.afb4f155-3289-4f78-b321-a59d97240b5c/node_modules/supports-preserve-symlinks-flag/'
2025-09-18 09:17:41.413 [info] > git rev-parse --show-toplevel [3ms]
2025-09-18 09:17:41.413 [info] fatal: not a git repository (or any parent up to mount point /)
Stopping at filesystem boundary (GIT_DISCOVERY_ACROSS_FILESYSTEM not set).
2025-09-18 09:26:56.480 [info] > git rev-parse --show-toplevel [5ms]
2025-09-18 09:26:56.480 [info] fatal: not a git repository (or any parent up to mount point /)
Stopping at filesystem boundary (GIT_DISCOVERY_ACROSS_FILESYSTEM not set).
2025-09-18 09:27:05.042 [info] > git rev-parse --show-toplevel [3ms]
2025-09-18 09:27:05.042 [info] fatal: not a git repository (or any parent up to mount point /)
Stopping at filesystem boundary (GIT_DISCOVERY_ACROSS_FILESYSTEM not set).
2025-09-18 09:30:11.999 [info] > git rev-parse --show-toplevel [3ms]
2025-09-18 09:30:11.999 [info] fatal: not a git repository (or any parent up to mount point /)
Stopping at filesystem boundary (GIT_DISCOVERY_ACROSS_FILESYSTEM not set).
2025-09-18 09:33:04.182 [info] > git rev-parse --show-toplevel [2ms]
2025-09-18 09:33:04.182 [info] fatal: not a git repository (or any parent up to mount point /)
Stopping at filesystem boundary (GIT_DISCOVERY_ACROSS_FILESYSTEM not set).
2025-09-18 09:33:10.094 [info] > git rev-parse --show-toplevel [4ms]
2025-09-18 09:33:10.094 [info] fatal: not a git repository (or any parent up to mount point /)
Stopping at filesystem boundary (GIT_DISCOVERY_ACROSS_FILESYSTEM not set).
2025-09-18 09:33:12.299 [info] > git rev-parse --show-toplevel [3ms]
2025-09-18 09:33:12.299 [info] fatal: not a git repository (or any parent up to mount point /)
Stopping at filesystem boundary (GIT_DISCOVERY_ACROSS_FILESYSTEM not set).
2025-09-18 09:33:31.542 [info] > git rev-parse --show-toplevel [2ms]
2025-09-18 09:33:31.542 [info] fatal: not a git repository (or any parent up to mount point /)
Stopping at filesystem boundary (GIT_DISCOVERY_ACROSS_FILESYSTEM not set).
2025-09-18 09:34:01.010 [info] > git rev-parse --show-toplevel [5ms]
2025-09-18 09:34:01.010 [info] fatal: not a git repository (or any parent up to mount point /)
Stopping at filesystem boundary (GIT_DISCOVERY_ACROSS_FILESYSTEM not set).
2025-09-18 09:37:51.974 [info] > git rev-parse --show-toplevel [3ms]
2025-09-18 09:37:51.974 [info] fatal: not a git repository (or any parent up to mount point /)
Stopping at filesystem boundary (GIT_DISCOVERY_ACROSS_FILESYSTEM not set).
2025-09-18 09:43:50.296 [info] > git rev-parse --show-toplevel [5ms]
2025-09-18 09:43:50.296 [info] fatal: not a git repository (or any parent up to mount point /)
Stopping at filesystem boundary (GIT_DISCOVERY_ACROSS_FILESYSTEM not set).
2025-09-18 09:43:59.975 [info] > git rev-parse --show-toplevel [14ms]
2025-09-18 09:43:59.975 [info] fatal: not a git repository (or any parent up to mount point /)
Stopping at filesystem boundary (GIT_DISCOVERY_ACROSS_FILESYSTEM not set).
2025-09-18 09:44:10.839 [info] > git rev-parse --show-toplevel [5ms]
2025-09-18 09:44:10.839 [info] fatal: not a git repository (or any parent up to mount point /)
Stopping at filesystem boundary (GIT_DISCOVERY_ACROSS_FILESYSTEM not set).
2025-09-18 09:44:11.140 [info] > git rev-parse --show-toplevel [3ms]
2025-09-18 09:44:11.140 [info] fatal: not a git repository (or any parent up to mount point /)
Stopping at filesystem boundary (GIT_DISCOVERY_ACROSS_FILESYSTEM not set).
2025-09-18 09:44:16.979 [info] > git rev-parse --show-toplevel [3ms]
2025-09-18 09:44:16.979 [info] fatal: not a git repository (or any parent up to mount point /)
Stopping at filesystem boundary (GIT_DISCOVERY_ACROSS_FILESYSTEM not set).
2025-09-18 09:44:57.471 [info] > git rev-parse --show-toplevel [2ms]
2025-09-18 09:44:57.471 [info] fatal: not a git repository (or any parent up to mount point /)
Stopping at filesystem boundary (GIT_DISCOVERY_ACROSS_FILESYSTEM not set).
2025-09-18 09:45:30.470 [info] > git rev-parse --show-toplevel [6ms]
2025-09-18 09:45:30.470 [info] fatal: not a git repository (or any parent up to mount point /)
Stopping at filesystem boundary (GIT_DISCOVERY_ACROSS_FILESYSTEM not set).
2025-09-18 10:16:08.967 [info] > git rev-parse --show-toplevel [6ms]
2025-09-18 10:16:08.967 [info] fatal: not a git repository (or any parent up to mount point /)
Stopping at filesystem boundary (GIT_DISCOVERY_ACROSS_FILESYSTEM not set).
2025-09-18 10:17:53.183 [info] > git rev-parse --show-toplevel [3ms]
2025-09-18 10:17:53.184 [info] fatal: not a git repository (or any parent up to mount point /)
Stopping at filesystem boundary (GIT_DISCOVERY_ACROSS_FILESYSTEM not set).
