2025-09-18 08:46:15.445 [warning] Dir "/home/itzarbabali/.pixi/envs" is not watchable (directory does not exist)
2025-09-18 08:46:15.445 [info] Starting Environment refresh
2025-09-18 08:46:15.446 [info] Searching for interpreters in posix paths locator
2025-09-18 08:46:15.446 [info] Searching for pyenv environments
2025-09-18 08:46:15.446 [info] Searching for conda environments
2025-09-18 08:46:15.446 [info] Searching for global virtual environments
2025-09-18 08:46:15.446 [info] Searching for custom virtual environments
2025-09-18 08:46:15.446 [info] pyenv is not installed
2025-09-18 08:46:15.446 [info] Finished searching for pyenv environments: 15 milliseconds
2025-09-18 08:46:15.446 [info] Finished searching for custom virtual envs: 14 milliseconds
2025-09-18 08:46:15.446 [info] > conda info --json
2025-09-18 08:46:15.446 [info] > hatch env show --json
2025-09-18 08:46:15.446 [info] cwd: .
2025-09-18 08:46:15.446 [info] > pyenv which python
2025-09-18 08:46:15.446 [info] cwd: .
2025-09-18 08:46:15.446 [info] Finished searching for global virtual envs: 41 milliseconds
2025-09-18 08:46:15.447 [info] Found: /bin/python --> /bin/python3.12
2025-09-18 08:46:15.448 [info] Found: /bin/python3 --> /bin/python3.12
2025-09-18 08:46:15.449 [info] Found: /bin/python3.12 --> /bin/python3.12
2025-09-18 08:46:15.490 [info] Found: /usr/bin/python --> /usr/bin/python3.12
2025-09-18 08:46:15.495 [info] Found: /usr/bin/python3 --> /usr/bin/python3.12
2025-09-18 08:46:15.495 [info] Found: /usr/bin/python3.12 --> /usr/bin/python3.12
2025-09-18 08:46:15.663 [info] Finished searching for interpreters in posix paths locator: 272 milliseconds
2025-09-18 08:46:15.664 [info] > /bin/python -I /google/devshell/editor/code-oss-for-cloud-shell/extensions/ms-python.python/python_files/get_output_via_markers.py /google/devshell/editor/code-oss-for-cloud-shell/extensions/ms-python.python/python_files/interpreterInfo.py
2025-09-18 08:46:15.767 [info] > /usr/bin/python -I /google/devshell/editor/code-oss-for-cloud-shell/extensions/ms-python.python/python_files/get_output_via_markers.py /google/devshell/editor/code-oss-for-cloud-shell/extensions/ms-python.python/python_files/interpreterInfo.py
2025-09-18 08:46:15.767 [info] Environments refresh paths discovered (event): 386 milliseconds
2025-09-18 08:46:15.774 [info] Environments refresh paths discovered: 387 milliseconds
2025-09-18 08:46:16.002 [info] Environments refresh finished (event): 622 milliseconds
2025-09-18 08:46:16.040 [info] Environment refresh took 660 milliseconds
2025-09-18 08:46:16.103 [info] Python interpreter path: /bin/python
2025-09-18 08:46:18.898 [info] Starting Jedi language server for itzarbabali.
2025-09-18 08:47:44.058 [info] Discover tests for workspace name: itzarbabali - uri: /home/itzarbabali/lielens-backend/app.py
2025-09-18 08:47:55.739 [info] Discover tests for workspace name: itzarbabali - uri: /home/itzarbabali/lielens-backend/app.py
2025-09-18 08:48:27.264 [info] Discover tests for workspace name: itzarbabali - uri: /home/itzarbabali/lielens-backend/app.py
2025-09-18 08:48:38.987 [info] Discover tests for workspace name: itzarbabali - uri: /home/itzarbabali/lielens-backend/app.py
2025-09-18 08:48:42.331 [info] Discover tests for workspace name: itzarbabali - uri: /home/itzarbabali/lielens-backend/app.py
2025-09-18 08:48:45.657 [info] Discover tests for workspace name: itzarbabali - uri: /home/itzarbabali/lielens-backend/app.py
2025-09-18 08:48:53.062 [info] Discover tests for workspace name: itzarbabali - uri: /home/itzarbabali/lielens-backend/app.py
2025-09-18 08:49:13.196 [info] Discover tests for workspace name: itzarbabali - uri: /home/itzarbabali/lielens-backend/app.py
2025-09-18 08:49:53.475 [info] Running installed packages checker:  {
  id: '/bin/python',
  sysPrefix: '/usr',
  envType: 'Global',
  envName: '',
  envPath: '',
  path: '/bin/python',
  architecture: 3,
  sysVersion: '3.12.3 (main, Aug 14 2025, 17:47:21) [GCC 13.3.0]',
  version: {
    raw: '3.12.3',
    major: 3,
    minor: 12,
    patch: 3,
    build: [],
    prerelease: [ 'final', '0' ]
  },
  displayName: 'Python 3.12.3 64-bit',
  detailedDisplayName: 'Python 3.12.3 64-bit',
  type: undefined
} /google/devshell/editor/code-oss-for-cloud-shell/extensions/ms-python.python/python_files/installed_check.py /home/itzarbabali/lielens-backend/requirements.txt
2025-09-18 08:49:53.476 [info] > /bin/python /google/devshell/editor/code-oss-for-cloud-shell/extensions/ms-python.python/python_files/installed_check.py ./lielens-backend/requirements.txt
2025-09-18 08:49:55.943 [info] Running installed packages checker:  {
  id: '/bin/python',
  sysPrefix: '/usr',
  envType: 'Global',
  envName: '',
  envPath: '',
  path: '/bin/python',
  architecture: 3,
  sysVersion: '3.12.3 (main, Aug 14 2025, 17:47:21) [GCC 13.3.0]',
  version: {
    raw: '3.12.3',
    major: 3,
    minor: 12,
    patch: 3,
    build: [],
    prerelease: [ 'final', '0' ]
  },
  displayName: 'Python 3.12.3 64-bit',
  detailedDisplayName: 'Python 3.12.3 64-bit',
  type: undefined
} /google/devshell/editor/code-oss-for-cloud-shell/extensions/ms-python.python/python_files/installed_check.py /home/itzarbabali/lielens-backend/requirements.txt
2025-09-18 08:49:55.944 [info] > /bin/python /google/devshell/editor/code-oss-for-cloud-shell/extensions/ms-python.python/python_files/installed_check.py ./lielens-backend/requirements.txt
2025-09-18 08:52:37.934 [info] Running installed packages checker:  {
  id: '/bin/python',
  sysPrefix: '/usr',
  envType: 'Global',
  envName: '',
  envPath: '',
  path: '/bin/python',
  architecture: 3,
  sysVersion: '3.12.3 (main, Aug 14 2025, 17:47:21) [GCC 13.3.0]',
  version: {
    raw: '3.12.3',
    major: 3,
    minor: 12,
    patch: 3,
    build: [],
    prerelease: [ 'final', '0' ]
  },
  displayName: 'Python 3.12.3 64-bit',
  detailedDisplayName: 'Python 3.12.3 64-bit',
  type: undefined
} /google/devshell/editor/code-oss-for-cloud-shell/extensions/ms-python.python/python_files/installed_check.py /home/itzarbabali/lielens-backend/requirements.txt
2025-09-18 08:52:37.934 [info] > /bin/python /google/devshell/editor/code-oss-for-cloud-shell/extensions/ms-python.python/python_files/installed_check.py ./lielens-backend/requirements.txt
2025-09-18 09:13:06.202 [info] Discover tests for workspace name: itzarbabali - uri: /home/itzarbabali/lielens-backend/app.py
2025-09-18 09:13:09.130 [info] Running installed packages checker:  {
  id: '/bin/python',
  sysPrefix: '/usr',
  envType: 'Global',
  envName: '',
  envPath: '',
  path: '/bin/python',
  architecture: 3,
  sysVersion: '3.12.3 (main, Aug 14 2025, 17:47:21) [GCC 13.3.0]',
  version: {
    raw: '3.12.3',
    major: 3,
    minor: 12,
    patch: 3,
    build: [],
    prerelease: [ 'final', '0' ]
  },
  displayName: 'Python 3.12.3 64-bit',
  detailedDisplayName: 'Python 3.12.3 64-bit',
  type: undefined
} /google/devshell/editor/code-oss-for-cloud-shell/extensions/ms-python.python/python_files/installed_check.py /home/itzarbabali/lielens-backend/requirements.txt
2025-09-18 09:13:09.131 [info] > /bin/python /google/devshell/editor/code-oss-for-cloud-shell/extensions/ms-python.python/python_files/installed_check.py ./lielens-backend/requirements.txt
2025-09-18 09:17:25.830 [info] Discover tests for workspace name: itzarbabali - uri: /home/itzarbabali/.codeoss/extensions/.afb4f155-3289-4f78-b321-a59d97240b5c/node_modules/bcryptjs/.vscode/settings.json
2025-09-18 09:32:31.807 [info] Discover tests for workspace name: itzarbabali - uri: /home/itzarbabali/lielens-backend/app.py
2025-09-18 09:34:41.787 [info] Discover tests for workspace name: itzarbabali - uri: /home/itzarbabali/lielens-backend/app.py
2025-09-18 09:34:43.063 [info] Discover tests for workspace name: itzarbabali - uri: /home/itzarbabali/lielens-backend/app.py
2025-09-18 09:37:51.507 [info] Discover tests for workspace name: undefined - uri: /User/settings.json
