0 verbose cli /usr/local/nvm/versions/node/v22.19.0/bin/node /usr/local/nvm/versions/node/v22.19.0/bin/npm
1 info using npm@11.6.0
2 info using node@v22.19.0
3 silly config load:file:/usr/local/nvm/versions/node/v22.19.0/lib/node_modules/npm/npmrc
4 silly config load:file:/home/itzarbabali/.cache/typescript/5.8/.npmrc
5 silly config load:file:/home/itzarbabali/.npmrc
6 silly config load:file:/usr/local/nvm/versions/node/v22.19.0/etc/npmrc
7 verbose title npm install types-registry@latest
8 verbose argv "install" "--ignore-scripts" "types-registry@latest"
9 verbose logfile logs-max:10 dir:/home/itzarbabali/.npm/_logs/2025-09-19T02_21_20_413Z-
10 verbose logfile /home/itzarbabali/.npm/_logs/2025-09-19T02_21_20_413Z-debug-0.log
11 silly logfile start cleaning logs, removing 1 files
12 silly logfile done cleaning log files
13 silly packumentCache heap:2197815296 maxSize:549453824 maxEntrySize:274726912
14 silly packumentCache corgi:https://registry.npmjs.org/types-registry cache-miss
15 http fetch GET 200 https://registry.npmjs.org/types-registry 153ms (cache revalidated)
16 silly packumentCache corgi:https://registry.npmjs.org/types-registry set size:607802 disposed:false
17 silly idealTree buildDeps
18 silly fetch manifest types-registry@0.1.738
19 silly packumentCache full:https://registry.npmjs.org/types-registry cache-miss
20 http fetch GET 200 https://registry.npmjs.org/types-registry 67ms (cache revalidated)
21 silly packumentCache full:https://registry.npmjs.org/types-registry set size:1297975 disposed:false
22 silly placeDep ROOT types-registry@0.1.738 REPLACE for:  want: 0.1.738
23 silly reify moves {}
24 silly audit bulk request {
24 silly audit   '@types/react': [ '19.1.13' ],
24 silly audit   csstype: [ '3.1.3' ],
24 silly audit   'types-registry': [ '0.1.738' ]
24 silly audit }
25 http fetch POST 200 https://registry.npmjs.org/-/npm/v1/security/advisories/bulk 235ms
26 silly audit report {}
27 verbose cwd /home/itzarbabali/.cache/typescript/5.8
28 verbose os Linux 6.6.97+
29 verbose node v22.19.0
30 verbose npm  v11.6.0
31 verbose exit 0
32 info ok
