Initializing document watcher...
Document watcher initialized
itzarbabali/lie-lens-frontend/index.html: {}
itzarbabali/lie-lens-frontend/script.js: {}
itzarbabali/lie-lens-frontend/style.css: {}
itzarbabali/lie-lens-frontend/script.js: {}
itzarbabali/lie-lens-frontend/index.html: {}
itzarbabali/lielens-backend/app.py: {}
itzarbabali/lielens-backend/Dockerfile: {}
itzarbabali/lielens-backend/requirements.txt: {}
itzarbabali/README-cloudshell.txt: {}
itzarbabali/lie-lens-frontend/index.html: {}
itzarbabali/lie-lens-frontend/index.html: {}
itzarbabali/lie-lens-frontend/index.html: {}
itzarbabali/lie-lens-frontend/index.html: Using EditorConfig core...
itzarbabali/lie-lens-frontend/script.js: {}
itzarbabali/lie-lens-frontend/script.js: Using EditorConfig core...
itzarbabali/lie-lens-frontend/style.css: {}
itzarbabali/lie-lens-frontend/style.css: Using EditorConfig core...
itzarbabali/lielens-backend/app.py: {}
itzarbabali/lielens-backend/app.py: Using EditorConfig core...
itzarbabali/lielens-backend/Dockerfile: {}
itzarbabali/lielens-backend/Dockerfile: Using EditorConfig core...
itzarbabali/lielens-backend/Dockerfile: {}
itzarbabali/lielens-backend/Dockerfile: {}
itzarbabali/lie-lens-frontend/index.html: Using EditorConfig core...
itzarbabali/lie-lens-frontend/index.html: {}
itzarbabali/lie-lens-frontend/index.html: {}
itzarbabali/lie-lens-frontend/index.html: Using EditorConfig core...
itzarbabali/lie-lens-frontend/script.js: {}
itzarbabali/lie-lens-frontend/script.js: Using EditorConfig core...
itzarbabali/lie-lens-frontend/script.js: {}
